::1 - - [18/Dec/2024:08:03:53 +0300] "GET / HTTP/1.1" 200 12
::1 - - [18/Dec/2024:08:03:57 +0300] "GET /favicon.ico HTTP/1.1" 404 196
::1 - - [18/Dec/2024:08:06:20 +0300] "GET / HTTP/1.1" 200 123
::1 - - [18/Dec/2024:08:07:20 +0300] "-" 408 -
::1 - - [18/Dec/2024:08:08:38 +0300] "GET / HTTP/1.1" 200 148
::1 - - [18/Dec/2024:08:09:38 +0300] "-" 408 -
::1 - - [18/Dec/2024:09:01:32 +0300] "GET / HTTP/1.1" 200 142
::1 - - [18/Dec/2024:09:02:32 +0300] "-" 408 -
::1 - - [18/Dec/2024:09:46:34 +0300] "GET / HTTP/1.1" 200 142
::1 - - [18/Dec/2024:09:46:41 +0300] "GET / HTTP/1.1" 200 142
::1 - - [18/Dec/2024:09:47:37 +0300] "GET / HTTP/1.1" 200 9740
::1 - - [18/Dec/2024:09:47:43 +0300] "GET /contacts.html HTTP/1.1" 200 9714
::1 - - [18/Dec/2024:09:48:43 +0300] "-" 408 -
::1 - - [18/Dec/2024:09:54:40 +0300] "GET /contacts.html HTTP/1.1" 200 9500
::1 - - [18/Dec/2024:09:55:08 +0300] "POST /action.php HTTP/1.1" 200 142
::1 - - [18/Dec/2024:09:56:08 +0300] "-" 408 -
::1 - - [18/Dec/2024:09:56:17 +0300] "-" 408 -
::1 - - [18/Dec/2024:09:57:49 +0300] "GET /contacts.html HTTP/1.1" 304 -
::1 - - [18/Dec/2024:09:58:07 +0300] "POST /action.php HTTP/1.1" 200 159
::1 - - [18/Dec/2024:09:59:07 +0300] "-" 408 -
::1 - - [18/Dec/2024:09:59:15 +0300] "-" 408 -
::1 - - [18/Dec/2024:10:00:40 +0300] "POST /action.php HTTP/1.1" 200 221
::1 - - [18/Dec/2024:10:01:12 +0300] "POST /action.php HTTP/1.1" 200 237
::1 - - [18/Dec/2024:10:02:12 +0300] "-" 408 -
::1 - - [18/Dec/2024:10:06:38 +0300] "POST /action.php HTTP/1.1" 200 239
::1 - - [18/Dec/2024:10:07:38 +0300] "-" 408 -
::1 - - [18/Dec/2024:10:07:44 +0300] "-" 408 -
::1 - - [18/Dec/2024:11:00:25 +0300] "GET /index.html HTTP/1.1" 200 9789
::1 - - [18/Dec/2024:11:00:31 +0300] "GET /index.html HTTP/1.1" 304 -
::1 - - [18/Dec/2024:11:04:41 +0300] "GET /index.html HTTP/1.1" 404 196
::1 - - [18/Dec/2024:11:04:51 +0300] "GET /index.shtml HTTP/1.1" 200 9789
::1 - - [18/Dec/2024:11:05:22 +0300] "GET /index.shtml HTTP/1.1" 304 -
::1 - - [18/Dec/2024:11:05:23 +0300] "GET /index.shtml HTTP/1.1" 304 -
::1 - - [18/Dec/2024:11:05:41 +0300] "GET /index.shtml HTTP/1.1" 404 196
::1 - - [18/Dec/2024:11:05:48 +0300] "GET /index.html HTTP/1.1" 200 9789
::1 - - [18/Dec/2024:11:06:05 +0300] "GET /index.html HTTP/1.1" 304 -
::1 - - [18/Dec/2024:11:06:09 +0300] "GET /index.html HTTP/1.1" 304 -
::1 - - [18/Dec/2024:11:07:05 +0300] "-" 408 -
::1 - - [18/Dec/2024:11:08:02 +0300] "GET / HTTP/1.1" 200 9789
::1 - - [18/Dec/2024:11:08:09 +0300] "GET / HTTP/1.1" 304 -
::1 - - [18/Dec/2024:11:08:48 +0300] "GET / HTTP/1.1" 200 142
::1 - - [18/Dec/2024:11:09:19 +0300] "GET / HTTP/1.1" 200 142
::1 - - [18/Dec/2024:11:10:19 +0300] "-" 408 -
::1 - - [18/Dec/2024:11:11:03 +0300] "GET / HTTP/1.1" 200 142
::1 - - [18/Dec/2024:11:11:13 +0300] "GET / HTTP/1.1" 200 759
::1 - - [18/Dec/2024:11:11:35 +0300] "GET / HTTP/1.1" 200 9792
::1 - - [18/Dec/2024:11:11:49 +0300] "GET / HTTP/1.1" 304 -
::1 - - [18/Dec/2024:11:11:55 +0300] "GET / HTTP/1.1" 304 -
::1 - - [18/Dec/2024:11:12:55 +0300] "-" 408 -
::1 - - [18/Dec/2024:11:13:22 +0300] "GET / HTTP/1.1" 200 9783
::1 - - [18/Dec/2024:11:14:22 +0300] "-" 408 -
::1 - - [18/Dec/2024:11:23:42 +0300] "GET / HTTP/1.1" 200 9803
::1 - - [18/Dec/2024:11:24:25 +0300] "GET / HTTP/1.1" 200 9778
::1 - - [18/Dec/2024:11:25:25 +0300] "-" 408 -
::1 - - [18/Dec/2024:11:27:55 +0300] "GET / HTTP/1.1" 200 12348
::1 - - [18/Dec/2024:11:28:07 +0300] "GET / HTTP/1.1" 200 12348
::1 - - [18/Dec/2024:11:31:28 +0300] "GET /about.html HTTP/1.1" 404 196
::1 - - [18/Dec/2024:11:32:27 +0300] "GET /about.html HTTP/1.1" 404 196
::1 - - [18/Dec/2024:11:32:31 +0300] "GET /about.html HTTP/1.1" 404 196
::1 - - [18/Dec/2024:11:32:34 +0300] "GET /contacts.html HTTP/1.1" 404 196
::1 - - [18/Dec/2024:11:32:41 +0300] "GET /contacts.php HTTP/1.1" 200 8256
::1 - - [18/Dec/2024:11:32:45 +0300] "GET /index.php HTTP/1.1" 200 8698
::1 - - [18/Dec/2024:11:32:48 +0300] "GET /about.php HTTP/1.1" 200 8231
::1 - - [18/Dec/2024:11:32:48 +0300] "GET /img/vitek.png HTTP/1.1" 200 807374
::1 - - [18/Dec/2024:11:32:48 +0300] "GET /img/sveta.png HTTP/1.1" 200 809175
::1 - - [18/Dec/2024:11:32:49 +0300] "GET /catalog.php HTTP/1.1" 200 13358
::1 - - [18/Dec/2024:11:32:51 +0300] "GET /contacts.php HTTP/1.1" 200 8256
::1 - - [18/Dec/2024:11:32:53 +0300] "GET /index.php HTTP/1.1" 200 8698
::1 - - [18/Dec/2024:11:32:58 +0300] "GET /index.php HTTP/1.1" 200 8698
::1 - - [18/Dec/2024:11:33:58 +0300] "-" 408 -
::1 - - [18/Dec/2024:11:40:36 +0300] "GET /about.php HTTP/1.1" 200 8232
::1 - - [18/Dec/2024:11:40:39 +0300] "GET /catalog.php HTTP/1.1" 200 13372
::1 - - [18/Dec/2024:11:40:43 +0300] "GET /contacts.php HTTP/1.1" 200 8225
::1 - - [18/Dec/2024:11:41:03 +0300] "GET /contacts.php HTTP/1.1" 200 8231
::1 - - [18/Dec/2024:11:41:07 +0300] "GET /catalog.php HTTP/1.1" 200 13372
::1 - - [18/Dec/2024:11:41:07 +0300] "GET /contacts.php HTTP/1.1" 200 8231
::1 - - [18/Dec/2024:11:41:28 +0300] "GET /contacts.php HTTP/1.1" 200 8231
::1 - - [18/Dec/2024:11:41:31 +0300] "GET /index.php HTTP/1.1" 200 8710
::1 - - [18/Dec/2024:11:41:32 +0300] "GET /contacts.php HTTP/1.1" 200 8231
::1 - - [18/Dec/2024:11:41:55 +0300] "GET /contacts.php HTTP/1.1" 200 8237
::1 - - [18/Dec/2024:11:42:17 +0300] "GET /contacts.php HTTP/1.1" 200 8227
::1 - - [18/Dec/2024:11:43:17 +0300] "-" 408 -
::1 - - [18/Dec/2024:11:45:56 +0300] "GET /contacts.php HTTP/1.1" 200 8275
::1 - - [18/Dec/2024:11:46:56 +0300] "-" 408 -
::1 - - [18/Dec/2024:11:47:46 +0300] "GET /catalog.php HTTP/1.1" 200 13364
::1 - - [18/Dec/2024:11:48:46 +0300] "-" 408 -
